<?xml version="1.0" encoding="UTF-8"?>
<testsuite xmlns:xsi="http://www.w3.org/2001/XMLSchema-instance" xsi:schemaLocation="https://maven.apache.org/surefire/maven-surefire-plugin/xsd/surefire-test-report.xsd" name="com.cg.fooddelivery.FooddeliveryAdminTest" time="47.228" tests="5" errors="0" skipped="0" failures="0">
  <properties>
[...]
</properties>
  <testcase name="addRestaurantTest" classname="com.cg.fooddelivery.FooddeliveryAdminTest" time="0.231"/>
  <testcase name="loggingAdminTest" classname="com.cg.fooddelivery.FooddeliveryAdminTest" time="0"/>
  <testcase name="addAdminTest" classname="com.cg.fooddelivery.FooddeliveryAdminTest" time="0.152"/>
  <testcase name="getAdminsTest" classname="com.cg.fooddelivery.FooddeliveryAdminTest" time="0"/>
  <testcase name="contextLoads" classname="com.cg.fooddelivery.FooddeliveryAdminTest" time="0"/>
</testsuite>